Using pre-set license
Built from '6000.0/release' branch; Version is '6000.0.43f1 (97272b72f107) revision 9905963'; Using compiler version '193933523'; Build Type 'Release'
OS: 'Windows 11  (10.0.26100) 64bit Core' Language: 'en' Physical Memory: 5965 MB
BatchMode: 1, IsHumanControllingUs: 0, StartBugReporterOnCrash: 0, Is64bit: 1, IsPro: 1

COMMAND LINE ARGUMENTS:
C:\Program Files\Unity\Hub\Editor\6000.0.43f1\Editor\Unity.exe
-adb2
-batchMode
-noUpm
-name
AssetImportWorker0
-projectPath
C:/Users/harry/Turn-Based RPG/UnityFighterGame/ArenaFighter
-logFile
Logs/AssetImportWorker0.log
-srvPort
60819
-job-worker-count
3
-background-job-worker-count
8
-gc-helper-count
1
Successfully changed project path to: C:/Users/harry/Turn-Based RPG/UnityFighterGame/ArenaFighter
C:/Users/harry/Turn-Based RPG/UnityFighterGame/ArenaFighter
[UnityMemory] Configuration Parameters - Can be set up in boot.config
    "memorysetup-bucket-allocator-granularity=16"
    "memorysetup-bucket-allocator-bucket-count=8"
    "memorysetup-bucket-allocator-block-size=33554432"
    "memorysetup-bucket-allocator-block-count=8"
    "memorysetup-main-allocator-block-size=16777216"
    "memorysetup-thread-allocator-block-size=16777216"
    "memorysetup-gfx-main-allocator-block-size=16777216"
    "memorysetup-gfx-thread-allocator-block-size=16777216"
    "memorysetup-cache-allocator-block-size=4194304"
    "memorysetup-typetree-allocator-block-size=2097152"
    "memorysetup-profiler-bucket-allocator-granularity=16"
    "memorysetup-profiler-bucket-allocator-bucket-count=8"
    "memorysetup-profiler-bucket-allocator-block-size=33554432"
    "memorysetup-profiler-bucket-allocator-block-count=8"
    "memorysetup-profiler-allocator-block-size=16777216"
    "memorysetup-profiler-editor-allocator-block-size=1048576"
    "memorysetup-temp-allocator-size-main=16777216"
    "memorysetup-job-temp-allocator-block-size=2097152"
    "memorysetup-job-temp-allocator-block-size-background=1048576"
    "memorysetup-job-temp-allocator-reduction-small-platforms=262144"
    "memorysetup-allocator-temp-initial-block-size-main=262144"
    "memorysetup-allocator-temp-initial-block-size-worker=262144"
    "memorysetup-temp-allocator-size-background-worker=32768"
    "memorysetup-temp-allocator-size-job-worker=262144"
    "memorysetup-temp-allocator-size-preload-manager=33554432"
    "memorysetup-temp-allocator-size-nav-mesh-worker=65536"
    "memorysetup-temp-allocator-size-audio-worker=65536"
    "memorysetup-temp-allocator-size-cloud-worker=32768"
    "memorysetup-temp-allocator-size-gi-baking-worker=262144"
    "memorysetup-temp-allocator-size-gi-baking-worker=262144"
    "memorysetup-temp-allocator-size-gi-baking-worker=262144"
    "memorysetup-temp-allocator-size-gi-baking-worker=262144"
    "memorysetup-temp-allocator-size-gi-baking-worker=262144"
    "memorysetup-temp-allocator-size-gfx=262144"
Player connection [25640]  Target information:

Player connection [25640]  * "[IP] 192.168.56.1 [Port] 0 [Flags] 2 [Guid] 2500604402 [EditorId] 2500604402 [Version] 1048832 [Id] WindowsEditor(7,HarrysLaptop) [Debug] 1 [PackageName] WindowsEditor [ProjectName] Editor" 

Player connection [25640]  * "[IP] 10.252.0.221 [Port] 0 [Flags] 2 [Guid] 2500604402 [EditorId] 2500604402 [Version] 1048832 [Id] WindowsEditor(7,HarrysLaptop) [Debug] 1 [PackageName] WindowsEditor [ProjectName] Editor" 

Player connection [25640]  * "[IP] 192.168.1.100 [Port] 0 [Flags] 2 [Guid] 2500604402 [EditorId] 2500604402 [Version] 1048832 [Id] WindowsEditor(7,HarrysLaptop) [Debug] 1 [PackageName] WindowsEditor [ProjectName] Editor" 

Player connection [25640] Host joined multi-casting on [225.0.0.222:54997]...
Player connection [25640] Host joined alternative multi-casting on [225.0.0.222:34997]...
JobSystem: Creating JobQueue using job-worker-count value 3
Input System module state changed to: Initialized.
[Physics::Module] Initialized fallback backend.
[Physics::Module] Id: 0xdecafbad
Library Redirect Path: Library/
[Physics::Module] Selected backend.
[Physics::Module] Name: PhysX
[Physics::Module] Id: 0xf2b8ea05
[Physics::Module] SDK Version: 4.1.2
[Physics::Module] Integration Version: 1.0.0
[Physics::Module] Threading Mode: Multi-Threaded
Refreshing native plugins compatible for Editor in 61.90 ms, found 4 plugins.
Preloading 0 native plugins for Editor in 0.00 ms.
Initialize engine version: 6000.0.43f1 (97272b72f107)
[Subsystems] Discovering subsystems at path C:/Program Files/Unity/Hub/Editor/6000.0.43f1/Editor/Data/Resources/UnitySubsystems
[Subsystems] Discovering subsystems at path C:/Users/harry/Turn-Based RPG/UnityFighterGame/ArenaFighter/Assets
GfxDevice: creating device client; kGfxThreadingModeNonThreaded
Direct3D:
    Version:  Direct3D 11.0 [level 11.1]
    Renderer: AMD Radeon(TM) 610M (ID=0x1506)
    Vendor:   ATI
    VRAM:     2982 MB
    Driver:   32.0.11039.13000
Initialize mono
Mono path[0] = 'C:/Program Files/Unity/Hub/Editor/6000.0.43f1/Editor/Data/Managed'
Mono path[1] = 'C:/Program Files/Unity/Hub/Editor/6000.0.43f1/Editor/Data/MonoBleedingEdge/lib/mono/unityjit-win32'
Mono config path = 'C:/Program Files/Unity/Hub/Editor/6000.0.43f1/Editor/Data/MonoBleedingEdge/etc'
Using monoOptions --debugger-agent=transport=dt_socket,embedding=1,server=y,suspend=n,address=127.0.0.1:56128
Begin MonoManager ReloadAssembly
Registering precompiled unity dll's ...
Register platform support module: C:/Program Files/Unity/Hub/Editor/6000.0.43f1/Editor/Data/PlaybackEngines/WindowsStandaloneSupport/UnityEditor.WindowsStandalone.Extensions.dll
Register platform support module: C:/Program Files/Unity/Hub/Editor/6000.0.43f1/Editor/Data/PlaybackEngines/AndroidPlayer/UnityEditor.Android.Extensions.dll
Register platform support module: C:/Program Files/Unity/Hub/Editor/6000.0.43f1/Editor/Data/PlaybackEngines/LinuxStandaloneSupport/UnityEditor.LinuxStandalone.Extensions.dll
Registered in 0.049898 seconds.
- Loaded All Assemblies, in  4.223 seconds
Native extension for LinuxStandalone target not found
Native extension for Android target not found
Android Extension - Scanning For ADB Devices 2973 ms
Native extension for WindowsStandalone target not found
Mono: successfully reloaded assembly
- Finished resetting the current domain, in 10.171 seconds
Domain Reload Profiling: 14381ms
	BeginReloadAssembly (1813ms)
		ExecutionOrderSort (0ms)
		DisableScriptedObjects (0ms)
		BackupInstance (0ms)
		ReleaseScriptingObjects (0ms)
		CreateAndSetChildDomain (27ms)
	RebuildCommonClasses (448ms)
	RebuildNativeTypeToScriptingClass (72ms)
	initialDomainReloadingComplete (456ms)
	LoadAllAssembliesAndSetupDomain (1410ms)
		LoadAssemblies (1749ms)
		RebuildTransferFunctionScriptingTraits (0ms)
		AnalyzeDomain (1374ms)
			TypeCache.Refresh (1366ms)
				TypeCache.ScanAssembly (1287ms)
			BuildScriptInfoCaches (3ms)
			ResolveRequiredComponents (2ms)
	FinalizeReload (10183ms)
		ReleaseScriptCaches (0ms)
		RebuildScriptCaches (0ms)
		SetupLoadedEditorAssemblies (8035ms)
			LogAssemblyErrors (0ms)
			InitializePlatformSupportModulesInManaged (3492ms)
			SetLoadedEditorAssemblies (23ms)
			BeforeProcessingInitializeOnLoad (255ms)
			ProcessInitializeOnLoadAttributes (1483ms)
			ProcessInitializeOnLoadMethodAttributes (2458ms)
			AfterProcessingInitializeOnLoad (7ms)
			EditorAssembliesLoaded (318ms)
		ExecutionOrderSort2 (0ms)
		AwakeInstancesAfterBackupRestoration (0ms)
========================================================================
Worker process is ready to serve import requests
Import Worker Mode flag is 0x00
Begin MonoManager ReloadAssembly
- Loaded All Assemblies, in 13.355 seconds
Refreshing native plugins compatible for Editor in 23.60 ms, found 4 plugins.
Native extension for LinuxStandalone target not found
Native extension for Android target not found
Native extension for WindowsStandalone target not found
[MODES] ModeService[none].Initialize
[MODES] ModeService[none].LoadModes
[MODES] Loading mode Default (0) for mode-current-id-ArenaFighter
Mono: successfully reloaded assembly
- Finished resetting the current domain, in  5.172 seconds
Domain Reload Profiling: 18469ms
	BeginReloadAssembly (7630ms)
		ExecutionOrderSort (3ms)
		DisableScriptedObjects (94ms)
		BackupInstance (0ms)
		ReleaseScriptingObjects (3ms)
		CreateAndSetChildDomain (1917ms)
	RebuildCommonClasses (324ms)
	RebuildNativeTypeToScriptingClass (46ms)
	initialDomainReloadingComplete (264ms)
	LoadAllAssembliesAndSetupDomain (5025ms)
		LoadAssemblies (8517ms)
		RebuildTransferFunctionScriptingTraits (0ms)
		AnalyzeDomain (1296ms)
			TypeCache.Refresh (1025ms)
				TypeCache.ScanAssembly (939ms)
			BuildScriptInfoCaches (220ms)
			ResolveRequiredComponents (28ms)
	FinalizeReload (5180ms)
		ReleaseScriptCaches (0ms)
		RebuildScriptCaches (0ms)
		SetupLoadedEditorAssemblies (4242ms)
			LogAssemblyErrors (0ms)
			InitializePlatformSupportModulesInManaged (89ms)
			SetLoadedEditorAssemblies (12ms)
			BeforeProcessingInitializeOnLoad (751ms)
			ProcessInitializeOnLoadAttributes (2482ms)
			ProcessInitializeOnLoadMethodAttributes (872ms)
			AfterProcessingInitializeOnLoad (35ms)
			EditorAssembliesLoaded (1ms)
		ExecutionOrderSort2 (0ms)
		AwakeInstancesAfterBackupRestoration (48ms)
Launched and connected shader compiler UnityShaderCompiler.exe after 0.09 seconds
Refreshing native plugins compatible for Editor in 8.44 ms, found 4 plugins.
Preloading 0 native plugins for Editor in 0.00 ms.
Unloading 284 Unused Serialized files (Serialized files now loaded: 0)
Unloading 6811 unused Assets / (6.8 MB). Loaded Objects now: 7564.
Memory consumption went from 183.8 MB to 177.1 MB.
Total: 74.205500 ms (FindLiveObjects: 17.448300 ms CreateObjectMapping: 4.885400 ms MarkObjects: 36.367500 ms  DeleteObjects: 15.091400 ms)

========================================================================
Received Prepare
Begin MonoManager ReloadAssembly
- Loaded All Assemblies, in 38.316 seconds
Refreshing native plugins compatible for Editor in 16.13 ms, found 4 plugins.
Native extension for LinuxStandalone target not found
Native extension for Android target not found
Native extension for WindowsStandalone target not found
[MODES] ModeService[none].Initialize
[MODES] ModeService[none].LoadModes
Mono: successfully reloaded assembly
- Finished resetting the current domain, in  6.383 seconds
Domain Reload Profiling: 44631ms
	BeginReloadAssembly (24669ms)
		ExecutionOrderSort (0ms)
		DisableScriptedObjects (84ms)
		BackupInstance (0ms)
		ReleaseScriptingObjects (3ms)
		CreateAndSetChildDomain (1161ms)
	RebuildCommonClasses (744ms)
	RebuildNativeTypeToScriptingClass (197ms)
	initialDomainReloadingComplete (2433ms)
	LoadAllAssembliesAndSetupDomain (10200ms)
		LoadAssemblies (30027ms)
		RebuildTransferFunctionScriptingTraits (0ms)
		AnalyzeDomain (3040ms)
			TypeCache.Refresh (196ms)
				TypeCache.ScanAssembly (0ms)
			BuildScriptInfoCaches (2644ms)
			ResolveRequiredComponents (55ms)
	FinalizeReload (6388ms)
		ReleaseScriptCaches (0ms)
		RebuildScriptCaches (0ms)
		SetupLoadedEditorAssemblies (5073ms)
			LogAssemblyErrors (0ms)
			InitializePlatformSupportModulesInManaged (66ms)
			SetLoadedEditorAssemblies (16ms)
			BeforeProcessingInitializeOnLoad (717ms)
			ProcessInitializeOnLoadAttributes (2722ms)
			ProcessInitializeOnLoadMethodAttributes (1186ms)
			AfterProcessingInitializeOnLoad (362ms)
			EditorAssembliesLoaded (5ms)
		ExecutionOrderSort2 (1ms)
		AwakeInstancesAfterBackupRestoration (101ms)
Refreshing native plugins compatible for Editor in 13.57 ms, found 4 plugins.
Preloading 0 native plugins for Editor in 0.00 ms.
Unloading 37 Unused Serialized files (Serialized files now loaded: 0)
Unloading 6807 unused Assets / (6.4 MB). Loaded Objects now: 7578.
Memory consumption went from 151.5 MB to 145.1 MB.
Total: 48.556600 ms (FindLiveObjects: 2.882800 ms CreateObjectMapping: 2.367200 ms MarkObjects: 29.630700 ms  DeleteObjects: 13.668400 ms)

Prepare: number of updated asset objects reloaded= 0
========================================================================
Received Prepare
Refreshing native plugins compatible for Editor in 36.79 ms, found 4 plugins.
Preloading 0 native plugins for Editor in 0.00 ms.
Unloading 28 Unused Serialized files (Serialized files now loaded: 0)
Unloading 6797 unused Assets / (5.2 MB). Loaded Objects now: 7579.
Memory consumption went from 150.0 MB to 144.8 MB.
Total: 2728.126800 ms (FindLiveObjects: 19.915000 ms CreateObjectMapping: 7.069900 ms MarkObjects: 2679.510200 ms  DeleteObjects: 21.621500 ms)

Prepare: number of updated asset objects reloaded= 0
========================================================================
Received Prepare
Begin MonoManager ReloadAssembly
- Loaded All Assemblies, in 15.438 seconds
Refreshing native plugins compatible for Editor in 15.97 ms, found 4 plugins.
Native extension for LinuxStandalone target not found
Native extension for Android target not found
Native extension for WindowsStandalone target not found
[MODES] ModeService[none].Initialize
[MODES] ModeService[none].LoadModes
Mono: successfully reloaded assembly
- Finished resetting the current domain, in  3.048 seconds
Domain Reload Profiling: 18467ms
	BeginReloadAssembly (5488ms)
		ExecutionOrderSort (4ms)
		DisableScriptedObjects (668ms)
		BackupInstance (0ms)
		ReleaseScriptingObjects (29ms)
		CreateAndSetChildDomain (1845ms)
	RebuildCommonClasses (336ms)
	RebuildNativeTypeToScriptingClass (44ms)
	initialDomainReloadingComplete (386ms)
	LoadAllAssembliesAndSetupDomain (9160ms)
		LoadAssemblies (7997ms)
		RebuildTransferFunctionScriptingTraits (0ms)
		AnalyzeDomain (1830ms)
			TypeCache.Refresh (123ms)
				TypeCache.ScanAssembly (11ms)
			BuildScriptInfoCaches (1532ms)
			ResolveRequiredComponents (82ms)
	FinalizeReload (3052ms)
		ReleaseScriptCaches (0ms)
		RebuildScriptCaches (0ms)
		SetupLoadedEditorAssemblies (2305ms)
			LogAssemblyErrors (0ms)
			InitializePlatformSupportModulesInManaged (54ms)
			SetLoadedEditorAssemblies (14ms)
			BeforeProcessingInitializeOnLoad (465ms)
			ProcessInitializeOnLoadAttributes (1404ms)
			ProcessInitializeOnLoadMethodAttributes (337ms)
			AfterProcessingInitializeOnLoad (29ms)
			EditorAssembliesLoaded (2ms)
		ExecutionOrderSort2 (0ms)
		AwakeInstancesAfterBackupRestoration (63ms)
Refreshing native plugins compatible for Editor in 25.31 ms, found 4 plugins.
Preloading 0 native plugins for Editor in 0.00 ms.
Unloading 28 Unused Serialized files (Serialized files now loaded: 0)
Unloading 6808 unused Assets / (3.4 MB). Loaded Objects now: 7581.
Memory consumption went from 149.8 MB to 146.5 MB.
Total: 92.991400 ms (FindLiveObjects: 8.934300 ms CreateObjectMapping: 10.541800 ms MarkObjects: 50.605300 ms  DeleteObjects: 22.898800 ms)

Prepare: number of updated asset objects reloaded= 0
========================================================================
Received Import Request.
  Time since last request: 779315.296300 seconds.
  path: Assets/Code/New Folder/InventoryManager.cs
  artifactKey: Guid(b797ff502632ca84d80289b0e11a7631) Importer(815301076,1909f56bfc062723c751e8b465ee728b)
Start importing Assets/Code/New Folder/InventoryManager.cs using Guid(b797ff502632ca84d80289b0e11a7631) Importer(815301076,1909f56bfc062723c751e8b465ee728b) (PreviewImporter) -> (artifact id: '8c09d9541ae92777fa557685619637ff') in 0.107728 seconds
Number of updated asset objects reloaded before import = 0Number of asset objects unloaded after import = 0

========================================================================
Received Import Request.
  Time since last request: 61.518993 seconds.
  path: Assets/Code/New Folder/Item.cs
  artifactKey: Guid(e02ffb7fd7042fd44b39b0b12d36f895) Importer(815301076,1909f56bfc062723c751e8b465ee728b)
Start importing Assets/Code/New Folder/Item.cs using Guid(e02ffb7fd7042fd44b39b0b12d36f895) Importer(815301076,1909f56bfc062723c751e8b465ee728b) (PreviewImporter) -> (artifact id: '7d5146581656062ae1ede58ba3baca88') in 0.1509349 seconds
Number of updated asset objects reloaded before import = 0Number of asset objects unloaded after import = 0

========================================================================
Received Prepare
Refreshing native plugins compatible for Editor in 360.35 ms, found 4 plugins.
Preloading 0 native plugins for Editor in 0.00 ms.
Unloading 28 Unused Serialized files (Serialized files now loaded: 0)
Unloading 6798 unused Assets / (4.9 MB). Loaded Objects now: 7584.
Memory consumption went from 150.5 MB to 145.6 MB.
Total: 2460.101400 ms (FindLiveObjects: 917.258000 ms CreateObjectMapping: 35.130700 ms MarkObjects: 1348.620100 ms  DeleteObjects: 159.014600 ms)

Prepare: number of updated asset objects reloaded= 0
========================================================================
Received Prepare
Begin MonoManager ReloadAssembly
- Loaded All Assemblies, in 14.620 seconds
Refreshing native plugins compatible for Editor in 6.66 ms, found 4 plugins.
Native extension for LinuxStandalone target not found
Native extension for Android target not found
Native extension for WindowsStandalone target not found
[MODES] ModeService[none].Initialize
[MODES] ModeService[none].LoadModes
Mono: successfully reloaded assembly
- Finished resetting the current domain, in  1.595 seconds
Domain Reload Profiling: 16242ms
	BeginReloadAssembly (7222ms)
		ExecutionOrderSort (4ms)
		DisableScriptedObjects (604ms)
		BackupInstance (0ms)
		ReleaseScriptingObjects (12ms)
		CreateAndSetChildDomain (2855ms)
	RebuildCommonClasses (97ms)
	RebuildNativeTypeToScriptingClass (19ms)
	initialDomainReloadingComplete (118ms)
	LoadAllAssembliesAndSetupDomain (7188ms)
		LoadAssemblies (5687ms)
		RebuildTransferFunctionScriptingTraits (0ms)
		AnalyzeDomain (2051ms)
			TypeCache.Refresh (85ms)
				TypeCache.ScanAssembly (3ms)
			BuildScriptInfoCaches (1874ms)
			ResolveRequiredComponents (35ms)
	FinalizeReload (1598ms)
		ReleaseScriptCaches (0ms)
		RebuildScriptCaches (0ms)
		SetupLoadedEditorAssemblies (1200ms)
			LogAssemblyErrors (0ms)
			InitializePlatformSupportModulesInManaged (29ms)
			SetLoadedEditorAssemblies (9ms)
			BeforeProcessingInitializeOnLoad (206ms)
			ProcessInitializeOnLoadAttributes (764ms)
			ProcessInitializeOnLoadMethodAttributes (177ms)
			AfterProcessingInitializeOnLoad (14ms)
			EditorAssembliesLoaded (1ms)
		ExecutionOrderSort2 (0ms)
		AwakeInstancesAfterBackupRestoration (34ms)
Refreshing native plugins compatible for Editor in 4.30 ms, found 4 plugins.
Preloading 0 native plugins for Editor in 0.00 ms.
Unloading 28 Unused Serialized files (Serialized files now loaded: 0)
Unloading 6809 unused Assets / (6.4 MB). Loaded Objects now: 7586.
Memory consumption went from 150.4 MB to 143.9 MB.
Total: 25.576000 ms (FindLiveObjects: 1.920600 ms CreateObjectMapping: 1.471500 ms MarkObjects: 14.829400 ms  DeleteObjects: 7.149600 ms)

Prepare: number of updated asset objects reloaded= 0
========================================================================
Received Prepare
Begin MonoManager ReloadAssembly
- Loaded All Assemblies, in  8.455 seconds
Refreshing native plugins compatible for Editor in 7.65 ms, found 4 plugins.
Native extension for LinuxStandalone target not found
Native extension for Android target not found
Native extension for WindowsStandalone target not found
[MODES] ModeService[none].Initialize
[MODES] ModeService[none].LoadModes
Mono: successfully reloaded assembly
- Finished resetting the current domain, in  2.128 seconds
Domain Reload Profiling: 10584ms
	BeginReloadAssembly (3264ms)
		ExecutionOrderSort (3ms)
		DisableScriptedObjects (337ms)
		BackupInstance (0ms)
		ReleaseScriptingObjects (7ms)
		CreateAndSetChildDomain (1023ms)
	RebuildCommonClasses (102ms)
	RebuildNativeTypeToScriptingClass (26ms)
	initialDomainReloadingComplete (108ms)
	LoadAllAssembliesAndSetupDomain (4955ms)
		LoadAssemblies (4069ms)
		RebuildTransferFunctionScriptingTraits (0ms)
		AnalyzeDomain (1414ms)
			TypeCache.Refresh (181ms)
				TypeCache.ScanAssembly (5ms)
			BuildScriptInfoCaches (1165ms)
			ResolveRequiredComponents (18ms)
	FinalizeReload (2130ms)
		ReleaseScriptCaches (0ms)
		RebuildScriptCaches (0ms)
		SetupLoadedEditorAssemblies (1761ms)
			LogAssemblyErrors (0ms)
			InitializePlatformSupportModulesInManaged (32ms)
			SetLoadedEditorAssemblies (9ms)
			BeforeProcessingInitializeOnLoad (199ms)
			ProcessInitializeOnLoadAttributes (1293ms)
			ProcessInitializeOnLoadMethodAttributes (212ms)
			AfterProcessingInitializeOnLoad (13ms)
			EditorAssembliesLoaded (2ms)
		ExecutionOrderSort2 (0ms)
		AwakeInstancesAfterBackupRestoration (34ms)
Refreshing native plugins compatible for Editor in 11.06 ms, found 4 plugins.
Preloading 0 native plugins for Editor in 0.00 ms.
Unloading 28 Unused Serialized files (Serialized files now loaded: 0)
Unloading 6809 unused Assets / (6.0 MB). Loaded Objects now: 7588.
Memory consumption went from 150.4 MB to 144.4 MB.
Total: 57.482600 ms (FindLiveObjects: 2.283500 ms CreateObjectMapping: 6.490000 ms MarkObjects: 33.978500 ms  DeleteObjects: 14.724300 ms)

Prepare: number of updated asset objects reloaded= 0
========================================================================
Received Prepare
Refreshing native plugins compatible for Editor in 9.46 ms, found 4 plugins.
Preloading 0 native plugins for Editor in 0.00 ms.
Unloading 28 Unused Serialized files (Serialized files now loaded: 0)
Unloading 6798 unused Assets / (6.7 MB). Loaded Objects now: 7588.
Memory consumption went from 150.5 MB to 143.8 MB.
Total: 190.668400 ms (FindLiveObjects: 7.217300 ms CreateObjectMapping: 2.446300 ms MarkObjects: 174.989400 ms  DeleteObjects: 6.010100 ms)

Prepare: number of updated asset objects reloaded= 0
========================================================================
Received Prepare
Refreshing native plugins compatible for Editor in 11.75 ms, found 4 plugins.
Preloading 0 native plugins for Editor in 0.00 ms.
Unloading 28 Unused Serialized files (Serialized files now loaded: 0)
Unloading 6798 unused Assets / (7.3 MB). Loaded Objects now: 7588.
Memory consumption went from 150.5 MB to 143.2 MB.
Total: 246.326900 ms (FindLiveObjects: 11.352200 ms CreateObjectMapping: 4.266700 ms MarkObjects: 214.790500 ms  DeleteObjects: 15.912200 ms)

Prepare: number of updated asset objects reloaded= 0
========================================================================
Received Prepare
Begin MonoManager ReloadAssembly
- Loaded All Assemblies, in  9.383 seconds
Refreshing native plugins compatible for Editor in 10.35 ms, found 4 plugins.
Native extension for LinuxStandalone target not found
Native extension for Android target not found
Native extension for WindowsStandalone target not found
[MODES] ModeService[none].Initialize
[MODES] ModeService[none].LoadModes
Mono: successfully reloaded assembly
- Finished resetting the current domain, in  1.417 seconds
Domain Reload Profiling: 10795ms
	BeginReloadAssembly (5614ms)
		ExecutionOrderSort (3ms)
		DisableScriptedObjects (170ms)
		BackupInstance (0ms)
		ReleaseScriptingObjects (4ms)
		CreateAndSetChildDomain (2838ms)
	RebuildCommonClasses (170ms)
	RebuildNativeTypeToScriptingClass (26ms)
	initialDomainReloadingComplete (122ms)
	LoadAllAssembliesAndSetupDomain (3445ms)
		LoadAssemblies (3561ms)
		RebuildTransferFunctionScriptingTraits (0ms)
		AnalyzeDomain (828ms)
			TypeCache.Refresh (124ms)
				TypeCache.ScanAssembly (3ms)
			BuildScriptInfoCaches (633ms)
			ResolveRequiredComponents (18ms)
	FinalizeReload (1419ms)
		ReleaseScriptCaches (0ms)
		RebuildScriptCaches (0ms)
		SetupLoadedEditorAssemblies (1066ms)
			LogAssemblyErrors (0ms)
			InitializePlatformSupportModulesInManaged (27ms)
			SetLoadedEditorAssemblies (7ms)
			BeforeProcessingInitializeOnLoad (193ms)
			ProcessInitializeOnLoadAttributes (679ms)
			ProcessInitializeOnLoadMethodAttributes (146ms)
			AfterProcessingInitializeOnLoad (11ms)
			EditorAssembliesLoaded (3ms)
		ExecutionOrderSort2 (0ms)
		AwakeInstancesAfterBackupRestoration (28ms)
Refreshing native plugins compatible for Editor in 5.35 ms, found 4 plugins.
Preloading 0 native plugins for Editor in 0.00 ms.
Unloading 28 Unused Serialized files (Serialized files now loaded: 0)
Unloading 6809 unused Assets / (6.1 MB). Loaded Objects now: 7590.
Memory consumption went from 150.3 MB to 144.2 MB.
Total: 25.988100 ms (FindLiveObjects: 2.453000 ms CreateObjectMapping: 2.050800 ms MarkObjects: 15.050400 ms  DeleteObjects: 6.426700 ms)

Prepare: number of updated asset objects reloaded= 0
========================================================================
Received Import Request.
  Time since last request: 2383.972351 seconds.
  path: Assets/Code/New Folder/Items/Prefabs
  artifactKey: Guid(d95ec895a438c93479ae5e0c977dea4a) Importer(815301076,1909f56bfc062723c751e8b465ee728b)
Start importing Assets/Code/New Folder/Items/Prefabs using Guid(d95ec895a438c93479ae5e0c977dea4a) Importer(815301076,1909f56bfc062723c751e8b465ee728b) (PreviewImporter) -> (artifact id: '9d71d9f6d352a21d2149b043e1796293') in 0.0534707 seconds
Number of updated asset objects reloaded before import = 0Number of asset objects unloaded after import = 0

========================================================================
Received Import Request.
  Time since last request: 43.485235 seconds.
  path: Assets/Code/Spawner.cs
  artifactKey: Guid(695d7f1016e793f4a949ff4af1770100) Importer(815301076,1909f56bfc062723c751e8b465ee728b)
Start importing Assets/Code/Spawner.cs using Guid(695d7f1016e793f4a949ff4af1770100) Importer(815301076,1909f56bfc062723c751e8b465ee728b) (PreviewImporter) -> (artifact id: '199c504cfec553bc29dc9314f4ccc834') in 0.0071124 seconds
Number of updated asset objects reloaded before import = 0Number of asset objects unloaded after import = 0

========================================================================
Received Import Request.
  Time since last request: 4.354306 seconds.
  path: Assets/Code/WeaponController.cs
  artifactKey: Guid(7bd5061fb77f0854f98c34acac7977ba) Importer(815301076,1909f56bfc062723c751e8b465ee728b)
Start importing Assets/Code/WeaponController.cs using Guid(7bd5061fb77f0854f98c34acac7977ba) Importer(815301076,1909f56bfc062723c751e8b465ee728b) (PreviewImporter) -> (artifact id: 'd0afd217e5e89023d332560d8202b793') in 0.0039601 seconds
Number of updated asset objects reloaded before import = 0Number of asset objects unloaded after import = 0

========================================================================
Received Prepare
Begin MonoManager ReloadAssembly
- Loaded All Assemblies, in  8.896 seconds
Refreshing native plugins compatible for Editor in 4.62 ms, found 4 plugins.
Native extension for LinuxStandalone target not found
Native extension for Android target not found
Native extension for WindowsStandalone target not found
[MODES] ModeService[none].Initialize
[MODES] ModeService[none].LoadModes
Mono: successfully reloaded assembly
- Finished resetting the current domain, in  2.591 seconds
Domain Reload Profiling: 11478ms
	BeginReloadAssembly (3985ms)
		ExecutionOrderSort (1ms)
		DisableScriptedObjects (198ms)
		BackupInstance (0ms)
		ReleaseScriptingObjects (17ms)
		CreateAndSetChildDomain (1931ms)
	RebuildCommonClasses (115ms)
	RebuildNativeTypeToScriptingClass (26ms)
	initialDomainReloadingComplete (138ms)
	LoadAllAssembliesAndSetupDomain (4621ms)
		LoadAssemblies (4500ms)
		RebuildTransferFunctionScriptingTraits (0ms)
		AnalyzeDomain (775ms)
			TypeCache.Refresh (54ms)
				TypeCache.ScanAssembly (0ms)
			BuildScriptInfoCaches (645ms)
			ResolveRequiredComponents (26ms)
	FinalizeReload (2593ms)
		ReleaseScriptCaches (0ms)
		RebuildScriptCaches (0ms)
		SetupLoadedEditorAssemblies (2087ms)
			LogAssemblyErrors (0ms)
			InitializePlatformSupportModulesInManaged (39ms)
			SetLoadedEditorAssemblies (14ms)
			BeforeProcessingInitializeOnLoad (324ms)
			ProcessInitializeOnLoadAttributes (1199ms)
			ProcessInitializeOnLoadMethodAttributes (491ms)
			AfterProcessingInitializeOnLoad (18ms)
			EditorAssembliesLoaded (2ms)
		ExecutionOrderSort2 (0ms)
		AwakeInstancesAfterBackupRestoration (36ms)
Refreshing native plugins compatible for Editor in 8.60 ms, found 4 plugins.
Preloading 0 native plugins for Editor in 0.00 ms.
Unloading 28 Unused Serialized files (Serialized files now loaded: 0)
Unloading 6809 unused Assets / (6.2 MB). Loaded Objects now: 7592.
Memory consumption went from 150.4 MB to 144.2 MB.
Total: 53.039700 ms (FindLiveObjects: 2.346800 ms CreateObjectMapping: 2.281100 ms MarkObjects: 32.901100 ms  DeleteObjects: 15.209000 ms)

Prepare: number of updated asset objects reloaded= 0
