Using pre-set license
Built from '6000.0/release' branch; Version is '6000.0.43f1 (97272b72f107) revision 9905963'; Using compiler version '193933523'; Build Type 'Release'
OS: 'Windows 11  (10.0.26100) 64bit Core' Language: 'en' Physical Memory: 16123 MB
BatchMode: 1, IsHumanControllingUs: 0, StartBugReporterOnCrash: 0, Is64bit: 1, IsPro: 1

COMMAND LINE ARGUMENTS:
C:\Program Files\Unity\Hub\Editor\6000.0.43f1\Editor\Unity.exe
-adb2
-batchMode
-noUpm
-name
AssetImportWorker6
-projectPath
C:/Users/harry/Documents/github/RPGFighterGame/UnityFighterGame/ArenaFighter
-logFile
Logs/AssetImportWorker6.log
-srvPort
55032
-job-worker-count
7
-background-job-worker-count
8
-gc-helper-count
1
Successfully changed project path to: C:/Users/harry/Documents/github/RPGFighterGame/UnityFighterGame/ArenaFighter
C:/Users/harry/Documents/github/RPGFighterGame/UnityFighterGame/ArenaFighter
[UnityMemory] Configuration Parameters - Can be set up in boot.config
    "memorysetup-bucket-allocator-granularity=16"
    "memorysetup-bucket-allocator-bucket-count=8"
    "memorysetup-bucket-allocator-block-size=33554432"
    "memorysetup-bucket-allocator-block-count=8"
    "memorysetup-main-allocator-block-size=16777216"
    "memorysetup-thread-allocator-block-size=16777216"
    "memorysetup-gfx-main-allocator-block-size=16777216"
    "memorysetup-gfx-thread-allocator-block-size=16777216"
    "memorysetup-cache-allocator-block-size=4194304"
    "memorysetup-typetree-allocator-block-size=2097152"
    "memorysetup-profiler-bucket-allocator-granularity=16"
    "memorysetup-profiler-bucket-allocator-bucket-count=8"
    "memorysetup-profiler-bucket-allocator-block-size=33554432"
    "memorysetup-profiler-bucket-allocator-block-count=8"
    "memorysetup-profiler-allocator-block-size=16777216"
    "memorysetup-profiler-editor-allocator-block-size=1048576"
    "memorysetup-temp-allocator-size-main=16777216"
    "memorysetup-job-temp-allocator-block-size=2097152"
    "memorysetup-job-temp-allocator-block-size-background=1048576"
    "memorysetup-job-temp-allocator-reduction-small-platforms=262144"
    "memorysetup-allocator-temp-initial-block-size-main=262144"
    "memorysetup-allocator-temp-initial-block-size-worker=262144"
    "memorysetup-temp-allocator-size-background-worker=32768"
    "memorysetup-temp-allocator-size-job-worker=262144"
    "memorysetup-temp-allocator-size-preload-manager=33554432"
    "memorysetup-temp-allocator-size-nav-mesh-worker=65536"
    "memorysetup-temp-allocator-size-audio-worker=65536"
    "memorysetup-temp-allocator-size-cloud-worker=32768"
    "memorysetup-temp-allocator-size-gi-baking-worker=262144"
    "memorysetup-temp-allocator-size-gi-baking-worker=262144"
    "memorysetup-temp-allocator-size-gi-baking-worker=262144"
    "memorysetup-temp-allocator-size-gi-baking-worker=262144"
    "memorysetup-temp-allocator-size-gi-baking-worker=262144"
    "memorysetup-temp-allocator-size-gfx=262144"
Player connection [17556]  Target information:

Player connection [17556]  * "[IP] 192.168.56.1 [Port] 0 [Flags] 2 [Guid] 1073100320 [EditorId] 1073100320 [Version] 1048832 [Id] WindowsEditor(7,LAPTOP-JVTGETHA) [Debug] 1 [PackageName] WindowsEditor [ProjectName] Editor" 

Player connection [17556]  * "[IP] 10.252.6.82 [Port] 0 [Flags] 2 [Guid] 1073100320 [EditorId] 1073100320 [Version] 1048832 [Id] WindowsEditor(7,LAPTOP-JVTGETHA) [Debug] 1 [PackageName] WindowsEditor [ProjectName] Editor" 

Player connection [17556]  * "[IP] 192.168.1.147 [Port] 0 [Flags] 2 [Guid] 1073100320 [EditorId] 1073100320 [Version] 1048832 [Id] WindowsEditor(7,LAPTOP-JVTGETHA) [Debug] 1 [PackageName] WindowsEditor [ProjectName] Editor" 

Player connection [17556] Host joined multi-casting on [225.0.0.222:54997]...
Player connection [17556] Host joined alternative multi-casting on [225.0.0.222:34997]...
JobSystem: Creating JobQueue using job-worker-count value 7
Input System module state changed to: Initialized.
[Physics::Module] Initialized fallback backend.
[Physics::Module] Id: 0xdecafbad
Library Redirect Path: Library/
[Physics::Module] Selected backend.
[Physics::Module] Name: PhysX
[Physics::Module] Id: 0xf2b8ea05
[Physics::Module] SDK Version: 4.1.2
[Physics::Module] Integration Version: 1.0.0
[Physics::Module] Threading Mode: Multi-Threaded
Refreshing native plugins compatible for Editor in 6.76 ms, found 4 plugins.
Preloading 0 native plugins for Editor in 0.00 ms.
Initialize engine version: 6000.0.43f1 (97272b72f107)
[Subsystems] Discovering subsystems at path C:/Program Files/Unity/Hub/Editor/6000.0.43f1/Editor/Data/Resources/UnitySubsystems
[Subsystems] Discovering subsystems at path C:/Users/harry/Documents/github/RPGFighterGame/UnityFighterGame/ArenaFighter/Assets
GfxDevice: creating device client; kGfxThreadingModeNonThreaded
Direct3D:
    Version:  Direct3D 11.0 [level 11.1]
    Renderer: AMD Radeon RX 7700S (ID=0x7480)
    Vendor:   ATI
    VRAM:     8127 MB
    Driver:   32.0.11036.4002
Initialize mono
Mono path[0] = 'C:/Program Files/Unity/Hub/Editor/6000.0.43f1/Editor/Data/Managed'
Mono path[1] = 'C:/Program Files/Unity/Hub/Editor/6000.0.43f1/Editor/Data/MonoBleedingEdge/lib/mono/unityjit-win32'
Mono config path = 'C:/Program Files/Unity/Hub/Editor/6000.0.43f1/Editor/Data/MonoBleedingEdge/etc'
Using monoOptions --debugger-agent=transport=dt_socket,embedding=1,server=y,suspend=n,address=127.0.0.1:56860
Begin MonoManager ReloadAssembly
Registering precompiled unity dll's ...
Register platform support module: C:/Program Files/Unity/Hub/Editor/6000.0.43f1/Editor/Data/PlaybackEngines/WindowsStandaloneSupport/UnityEditor.WindowsStandalone.Extensions.dll
Register platform support module: C:/Program Files/Unity/Hub/Editor/6000.0.43f1/Editor/Data/PlaybackEngines/LinuxStandaloneSupport/UnityEditor.LinuxStandalone.Extensions.dll
Registered in 0.013139 seconds.
- Loaded All Assemblies, in  0.697 seconds
Native extension for LinuxStandalone target not found
Native extension for WindowsStandalone target not found
Mono: successfully reloaded assembly
- Finished resetting the current domain, in  0.551 seconds
Domain Reload Profiling: 1241ms
	BeginReloadAssembly (278ms)
		ExecutionOrderSort (0ms)
		DisableScriptedObjects (0ms)
		BackupInstance (0ms)
		ReleaseScriptingObjects (0ms)
		CreateAndSetChildDomain (1ms)
	RebuildCommonClasses (72ms)
	RebuildNativeTypeToScriptingClass (16ms)
	initialDomainReloadingComplete (100ms)
	LoadAllAssembliesAndSetupDomain (222ms)
		LoadAssemblies (268ms)
		RebuildTransferFunctionScriptingTraits (0ms)
		AnalyzeDomain (217ms)
			TypeCache.Refresh (215ms)
				TypeCache.ScanAssembly (196ms)
			BuildScriptInfoCaches (0ms)
			ResolveRequiredComponents (1ms)
	FinalizeReload (552ms)
		ReleaseScriptCaches (0ms)
		RebuildScriptCaches (0ms)
		SetupLoadedEditorAssemblies (480ms)
			LogAssemblyErrors (0ms)
			InitializePlatformSupportModulesInManaged (43ms)
			SetLoadedEditorAssemblies (7ms)
			BeforeProcessingInitializeOnLoad (88ms)
			ProcessInitializeOnLoadAttributes (246ms)
			ProcessInitializeOnLoadMethodAttributes (96ms)
			AfterProcessingInitializeOnLoad (0ms)
			EditorAssembliesLoaded (0ms)
		ExecutionOrderSort2 (0ms)
		AwakeInstancesAfterBackupRestoration (0ms)
========================================================================
Worker process is ready to serve import requests
Import Worker Mode flag is 0x00
Begin MonoManager ReloadAssembly
- Loaded All Assemblies, in  1.389 seconds
Refreshing native plugins compatible for Editor in 4.15 ms, found 4 plugins.
Native extension for LinuxStandalone target not found
Native extension for WindowsStandalone target not found
[MODES] ModeService[none].Initialize
[MODES] ModeService[none].LoadModes
[MODES] Loading mode Default (0) for mode-current-id-ArenaFighter
Mono: successfully reloaded assembly
- Finished resetting the current domain, in  1.117 seconds
Domain Reload Profiling: 2490ms
	BeginReloadAssembly (317ms)
		ExecutionOrderSort (0ms)
		DisableScriptedObjects (9ms)
		BackupInstance (0ms)
		ReleaseScriptingObjects (0ms)
		CreateAndSetChildDomain (45ms)
	RebuildCommonClasses (61ms)
	RebuildNativeTypeToScriptingClass (16ms)
	initialDomainReloadingComplete (68ms)
	LoadAllAssembliesAndSetupDomain (910ms)
		LoadAssemblies (716ms)
		RebuildTransferFunctionScriptingTraits (0ms)
		AnalyzeDomain (398ms)
			TypeCache.Refresh (287ms)
				TypeCache.ScanAssembly (265ms)
			BuildScriptInfoCaches (92ms)
			ResolveRequiredComponents (15ms)
	FinalizeReload (1118ms)
		ReleaseScriptCaches (0ms)
		RebuildScriptCaches (0ms)
		SetupLoadedEditorAssemblies (892ms)
			LogAssemblyErrors (0ms)
			InitializePlatformSupportModulesInManaged (4ms)
			SetLoadedEditorAssemblies (7ms)
			BeforeProcessingInitializeOnLoad (176ms)
			ProcessInitializeOnLoadAttributes (536ms)
			ProcessInitializeOnLoadMethodAttributes (160ms)
			AfterProcessingInitializeOnLoad (9ms)
			EditorAssembliesLoaded (0ms)
		ExecutionOrderSort2 (0ms)
		AwakeInstancesAfterBackupRestoration (8ms)
Launched and connected shader compiler UnityShaderCompiler.exe after 0.02 seconds
Refreshing native plugins compatible for Editor in 3.11 ms, found 4 plugins.
Preloading 0 native plugins for Editor in 0.00 ms.
Unloading 284 Unused Serialized files (Serialized files now loaded: 0)
Unloading 6831 unused Assets / (9.0 MB). Loaded Objects now: 7541.
Memory consumption went from 186.8 MB to 177.8 MB.
Total: 12.380300 ms (FindLiveObjects: 0.784400 ms CreateObjectMapping: 0.581300 ms MarkObjects: 6.395400 ms  DeleteObjects: 4.617700 ms)

========================================================================
Received Import Request.
  Time since last request: 460399.819446 seconds.
  path: Assets/SubstanceAssets/LittleGamesPack/Prefabs/Individual Pieces
  artifactKey: Guid(6ebbaf9d101ed3742a020a4f8ae27720) Importer(815301076,1909f56bfc062723c751e8b465ee728b)
Start importing Assets/SubstanceAssets/LittleGamesPack/Prefabs/Individual Pieces using Guid(6ebbaf9d101ed3742a020a4f8ae27720) Importer(815301076,1909f56bfc062723c751e8b465ee728b) (PreviewImporter) -> (artifact id: '3a56e273521696991ac7a2a3a607d86a') in 0.0118541 seconds
Number of updated asset objects reloaded before import = 0Number of asset objects unloaded after import = 0

========================================================================
Received Import Request.
  Time since last request: 1.405346 seconds.
  path: Assets/SubstanceAssets/LittleGamesPack/Prefabs/Individual Pieces/BoardGamePieces
  artifactKey: Guid(65e8e76690968a54384afbb7737a1971) Importer(815301076,1909f56bfc062723c751e8b465ee728b)
Start importing Assets/SubstanceAssets/LittleGamesPack/Prefabs/Individual Pieces/BoardGamePieces using Guid(65e8e76690968a54384afbb7737a1971) Importer(815301076,1909f56bfc062723c751e8b465ee728b) (PreviewImporter) -> (artifact id: '6bfc2d6bf7e80aed930d5fa9da9c8dfc') in 0.0009318 seconds
Number of updated asset objects reloaded before import = 0Number of asset objects unloaded after import = 0

========================================================================
Received Import Request.
  Time since last request: 0.000029 seconds.
  path: Assets/SubstanceAssets/LittleGamesPack/Prefabs/Individual Pieces/BoardGamePieces/BoardGamePiece_Blue.prefab
  artifactKey: Guid(5a8e80c6bcfea00429a7a3a5a7a95415) Importer(815301076,1909f56bfc062723c751e8b465ee728b)
Start importing Assets/SubstanceAssets/LittleGamesPack/Prefabs/Individual Pieces/BoardGamePieces/BoardGamePiece_Blue.prefab using Guid(5a8e80c6bcfea00429a7a3a5a7a95415) Importer(815301076,1909f56bfc062723c751e8b465ee728b) (PreviewImporter) -> (artifact id: 'b18c8a16598f225056c55593ef4ce24a') in 0.946818 seconds
Number of updated asset objects reloaded before import = 0Number of asset objects unloaded after import = 24

========================================================================
Received Import Request.
  Time since last request: 0.000049 seconds.
  path: Assets/SubstanceAssets/LittleGamesPack/Prefabs/Individual Pieces/BoardGamePieces/BoardGamePiece_Yellow.prefab
  artifactKey: Guid(7c27ed93ad9935746813c2db8a1044c8) Importer(815301076,1909f56bfc062723c751e8b465ee728b)
Start importing Assets/SubstanceAssets/LittleGamesPack/Prefabs/Individual Pieces/BoardGamePieces/BoardGamePiece_Yellow.prefab using Guid(7c27ed93ad9935746813c2db8a1044c8) Importer(815301076,1909f56bfc062723c751e8b465ee728b) (PreviewImporter) -> (artifact id: '5cfa782e88cf8564f8dd9504ef130a3e') in 0.0527903 seconds
Number of updated asset objects reloaded before import = 0Number of asset objects unloaded after import = 22

========================================================================
Received Import Request.
  Time since last request: 1.843412 seconds.
  path: Assets/SubstanceAssets/LittleGamesPack/Prefabs/Individual Pieces/Chess
  artifactKey: Guid(c5468307d71ec494da9452d22506b106) Importer(815301076,1909f56bfc062723c751e8b465ee728b)
Start importing Assets/SubstanceAssets/LittleGamesPack/Prefabs/Individual Pieces/Chess using Guid(c5468307d71ec494da9452d22506b106) Importer(815301076,1909f56bfc062723c751e8b465ee728b) (PreviewImporter) -> (artifact id: '9e63f37afbf8b1f529c31e292a4402db') in 0.0011952 seconds
Number of updated asset objects reloaded before import = 0Number of asset objects unloaded after import = 0

========================================================================
Received Import Request.
  Time since last request: 0.000049 seconds.
  path: Assets/SubstanceAssets/LittleGamesPack/Prefabs/Individual Pieces/Chess/BlackKing.prefab
  artifactKey: Guid(b9fb3c55299eea84e8c881dc12b8597b) Importer(815301076,1909f56bfc062723c751e8b465ee728b)
Start importing Assets/SubstanceAssets/LittleGamesPack/Prefabs/Individual Pieces/Chess/BlackKing.prefab using Guid(b9fb3c55299eea84e8c881dc12b8597b) Importer(815301076,1909f56bfc062723c751e8b465ee728b) (PreviewImporter) -> (artifact id: 'a75eab9577023a1f436c927618e4ce6b') in 0.0770148 seconds
Number of updated asset objects reloaded before import = 0Number of asset objects unloaded after import = 22

========================================================================
Received Import Request.
  Time since last request: 0.000051 seconds.
  path: Assets/SubstanceAssets/LittleGamesPack/Prefabs/Individual Pieces/Chess/WhiteKnight.prefab
  artifactKey: Guid(416a5ee9a9243b14c8d39bfd8767b0d8) Importer(815301076,1909f56bfc062723c751e8b465ee728b)
Start importing Assets/SubstanceAssets/LittleGamesPack/Prefabs/Individual Pieces/Chess/WhiteKnight.prefab using Guid(416a5ee9a9243b14c8d39bfd8767b0d8) Importer(815301076,1909f56bfc062723c751e8b465ee728b) (PreviewImporter) -> (artifact id: 'd1220e49435fa6c6960438eb9e155d1c') in 0.0627896 seconds
Number of updated asset objects reloaded before import = 0Number of asset objects unloaded after import = 23

========================================================================
Received Import Request.
  Time since last request: 0.000056 seconds.
  path: Assets/SubstanceAssets/LittleGamesPack/Prefabs/Individual Pieces/Chess/WhiteQueen.prefab
  artifactKey: Guid(9003be27e8deb5e4babf5477ec097ee4) Importer(815301076,1909f56bfc062723c751e8b465ee728b)
Start importing Assets/SubstanceAssets/LittleGamesPack/Prefabs/Individual Pieces/Chess/WhiteQueen.prefab using Guid(9003be27e8deb5e4babf5477ec097ee4) Importer(815301076,1909f56bfc062723c751e8b465ee728b) (PreviewImporter) -> (artifact id: 'bfb5cf803ee1e2ce1cbbf50f3868c1c4') in 0.0650402 seconds
Number of updated asset objects reloaded before import = 0Number of asset objects unloaded after import = 23

========================================================================
Received Import Request.
  Time since last request: 0.000040 seconds.
  path: Assets/SubstanceAssets/LittleGamesPack/Prefabs/Individual Pieces/Chess/BlackQueen.prefab
  artifactKey: Guid(42ceec0911942374d80f3f097a96e20c) Importer(815301076,1909f56bfc062723c751e8b465ee728b)
Start importing Assets/SubstanceAssets/LittleGamesPack/Prefabs/Individual Pieces/Chess/BlackQueen.prefab using Guid(42ceec0911942374d80f3f097a96e20c) Importer(815301076,1909f56bfc062723c751e8b465ee728b) (PreviewImporter) -> (artifact id: 'a2aa58e7216ca9ba6eb508d74e1f1628') in 0.0581723 seconds
Number of updated asset objects reloaded before import = 0Number of asset objects unloaded after import = 22

========================================================================
Received Import Request.
  Time since last request: 0.000082 seconds.
  path: Assets/SubstanceAssets/LittleGamesPack/Prefabs/Individual Pieces/Chess/WhiteKing.prefab
  artifactKey: Guid(09b8d462917baa94ca3b44576ab8cff9) Importer(815301076,1909f56bfc062723c751e8b465ee728b)
Start importing Assets/SubstanceAssets/LittleGamesPack/Prefabs/Individual Pieces/Chess/WhiteKing.prefab using Guid(09b8d462917baa94ca3b44576ab8cff9) Importer(815301076,1909f56bfc062723c751e8b465ee728b) (PreviewImporter) -> (artifact id: '6c6b025e334553899c0af86629630ba9') in 0.0524113 seconds
Number of updated asset objects reloaded before import = 0Number of asset objects unloaded after import = 23

========================================================================
Received Import Request.
  Time since last request: 0.000042 seconds.
  path: Assets/SubstanceAssets/LittleGamesPack/Prefabs/Individual Pieces/Chess/WhitePawn.prefab
  artifactKey: Guid(ec00beda5f90bc84d93bdc1d4ab2fbfe) Importer(815301076,1909f56bfc062723c751e8b465ee728b)
Start importing Assets/SubstanceAssets/LittleGamesPack/Prefabs/Individual Pieces/Chess/WhitePawn.prefab using Guid(ec00beda5f90bc84d93bdc1d4ab2fbfe) Importer(815301076,1909f56bfc062723c751e8b465ee728b) (PreviewImporter) -> (artifact id: '4209b563d329c2f5c330eb431cf36f55') in 0.0564843 seconds
Number of updated asset objects reloaded before import = 0Number of asset objects unloaded after import = 23

========================================================================
Received Import Request.
  Time since last request: 2.377947 seconds.
  path: Assets/SubstanceAssets/LittleGamesPack/Prefabs/Individual Pieces/PokerChips
  artifactKey: Guid(d717bb994bb570741a755b9f27939fbc) Importer(815301076,1909f56bfc062723c751e8b465ee728b)
Start importing Assets/SubstanceAssets/LittleGamesPack/Prefabs/Individual Pieces/PokerChips using Guid(d717bb994bb570741a755b9f27939fbc) Importer(815301076,1909f56bfc062723c751e8b465ee728b) (PreviewImporter) -> (artifact id: '5e7f86e59a5978cc26953f402c2cb3d5') in 0.0035195 seconds
Number of updated asset objects reloaded before import = 0Number of asset objects unloaded after import = 0

========================================================================
Received Import Request.
  Time since last request: 0.000034 seconds.
  path: Assets/SubstanceAssets/LittleGamesPack/Prefabs/Individual Pieces/PokerChips/PokerChip_Black.prefab
  artifactKey: Guid(b601630c0d218a641b6705996525e2dd) Importer(815301076,1909f56bfc062723c751e8b465ee728b)
Start importing Assets/SubstanceAssets/LittleGamesPack/Prefabs/Individual Pieces/PokerChips/PokerChip_Black.prefab using Guid(b601630c0d218a641b6705996525e2dd) Importer(815301076,1909f56bfc062723c751e8b465ee728b) (PreviewImporter) -> (artifact id: '1fa799c12ef5492e852cb32034f5006b') in 0.0621323 seconds
Number of updated asset objects reloaded before import = 0Number of asset objects unloaded after import = 22

========================================================================
Received Import Request.
  Time since last request: 0.000065 seconds.
  path: Assets/SubstanceAssets/LittleGamesPack/Prefabs/Individual Pieces/PokerChips/PokerChip_Green.prefab
  artifactKey: Guid(30ee43d4b6ecf08409a363c115eff133) Importer(815301076,1909f56bfc062723c751e8b465ee728b)
Start importing Assets/SubstanceAssets/LittleGamesPack/Prefabs/Individual Pieces/PokerChips/PokerChip_Green.prefab using Guid(30ee43d4b6ecf08409a363c115eff133) Importer(815301076,1909f56bfc062723c751e8b465ee728b) (PreviewImporter) -> (artifact id: '75e60bb2c8e24b0f07ed7d33ae12e434') in 0.0565729 seconds
Number of updated asset objects reloaded before import = 0Number of asset objects unloaded after import = 23

========================================================================
Received Import Request.
  Time since last request: 1.702368 seconds.
  path: Assets/SubstanceAssets/LittleGamesPack/Prefabs/Individual Pieces/Cards
  artifactKey: Guid(f47d14dcc743ed043a62ed413412968c) Importer(815301076,1909f56bfc062723c751e8b465ee728b)
Start importing Assets/SubstanceAssets/LittleGamesPack/Prefabs/Individual Pieces/Cards using Guid(f47d14dcc743ed043a62ed413412968c) Importer(815301076,1909f56bfc062723c751e8b465ee728b) (PreviewImporter) -> (artifact id: '41a263fe8529fc94f66c17cc7663abbd') in 0.0010131 seconds
Number of updated asset objects reloaded before import = 0Number of asset objects unloaded after import = 0

========================================================================
Received Import Request.
  Time since last request: 0.027408 seconds.
  path: Assets/SubstanceAssets/LittleGamesPack/Prefabs/Individual Pieces/Cards/CardTable.prefab
  artifactKey: Guid(cf856591953c8ed4bad3e9d863896e12) Importer(815301076,1909f56bfc062723c751e8b465ee728b)
Start importing Assets/SubstanceAssets/LittleGamesPack/Prefabs/Individual Pieces/Cards/CardTable.prefab using Guid(cf856591953c8ed4bad3e9d863896e12) Importer(815301076,1909f56bfc062723c751e8b465ee728b) (PreviewImporter) -> (artifact id: '80a60a3b2015c4f662226cfff71ba217') in 0.0462264 seconds
Number of updated asset objects reloaded before import = 0Number of asset objects unloaded after import = 23

========================================================================
Received Import Request.
  Time since last request: 42.766372 seconds.
  path: Assets/SubstanceAssets/LittleGamesPack/Prefabs/Individual Pieces/Cards/Clubs/Card_Club3.prefab
  artifactKey: Guid(6355a5e4b343a0f4f88854099a35e7da) Importer(815301076,1909f56bfc062723c751e8b465ee728b)
Start importing Assets/SubstanceAssets/LittleGamesPack/Prefabs/Individual Pieces/Cards/Clubs/Card_Club3.prefab using Guid(6355a5e4b343a0f4f88854099a35e7da) Importer(815301076,1909f56bfc062723c751e8b465ee728b) (PreviewImporter) -> (artifact id: '24c941b551bef5d738510bc8d41fb526') in 0.0921539 seconds
Number of updated asset objects reloaded before import = 0Number of asset objects unloaded after import = 15

========================================================================
Received Import Request.
  Time since last request: 0.000045 seconds.
  path: Assets/SubstanceAssets/LittleGamesPack/Prefabs/Individual Pieces/Cards/Clubs/Card_Club10.prefab
  artifactKey: Guid(45b0da87b7aa95043ac945346660c238) Importer(815301076,1909f56bfc062723c751e8b465ee728b)
Start importing Assets/SubstanceAssets/LittleGamesPack/Prefabs/Individual Pieces/Cards/Clubs/Card_Club10.prefab using Guid(45b0da87b7aa95043ac945346660c238) Importer(815301076,1909f56bfc062723c751e8b465ee728b) (PreviewImporter) -> (artifact id: 'dce9f85a6d6885b5c58deafdd15ac256') in 0.069619 seconds
Number of updated asset objects reloaded before import = 0Number of asset objects unloaded after import = 15

========================================================================
Received Import Request.
  Time since last request: 0.000059 seconds.
  path: Assets/SubstanceAssets/LittleGamesPack/Prefabs/Individual Pieces/Cards/Clubs/Card_ClubKing.prefab
  artifactKey: Guid(16ee3d16d985a9d4f9275ef7691e0e43) Importer(815301076,1909f56bfc062723c751e8b465ee728b)
Start importing Assets/SubstanceAssets/LittleGamesPack/Prefabs/Individual Pieces/Cards/Clubs/Card_ClubKing.prefab using Guid(16ee3d16d985a9d4f9275ef7691e0e43) Importer(815301076,1909f56bfc062723c751e8b465ee728b) (PreviewImporter) -> (artifact id: '73e6c86a0a80967deba37062a6eee767') in 0.0695577 seconds
Number of updated asset objects reloaded before import = 0Number of asset objects unloaded after import = 15

========================================================================
Received Import Request.
  Time since last request: 0.000036 seconds.
  path: Assets/SubstanceAssets/LittleGamesPack/Prefabs/Individual Pieces/Cards/Clubs/Card_ClubJack.prefab
  artifactKey: Guid(622932214f41b5f4991ddf56e8795153) Importer(815301076,1909f56bfc062723c751e8b465ee728b)
Start importing Assets/SubstanceAssets/LittleGamesPack/Prefabs/Individual Pieces/Cards/Clubs/Card_ClubJack.prefab using Guid(622932214f41b5f4991ddf56e8795153) Importer(815301076,1909f56bfc062723c751e8b465ee728b) (PreviewImporter) -> (artifact id: 'b612b192e740cf0891373526e5995089') in 0.0844272 seconds
Number of updated asset objects reloaded before import = 0Number of asset objects unloaded after import = 15

========================================================================
Received Import Request.
  Time since last request: 0.000050 seconds.
  path: Assets/SubstanceAssets/LittleGamesPack/Prefabs/Individual Pieces/Cards/Clubs/Card_Club9.prefab
  artifactKey: Guid(18c6a9a978394df4596d3f6ec9c6f6fb) Importer(815301076,1909f56bfc062723c751e8b465ee728b)
Start importing Assets/SubstanceAssets/LittleGamesPack/Prefabs/Individual Pieces/Cards/Clubs/Card_Club9.prefab using Guid(18c6a9a978394df4596d3f6ec9c6f6fb) Importer(815301076,1909f56bfc062723c751e8b465ee728b) (PreviewImporter) -> (artifact id: 'a96828411c8ff9a76413ce9c5b138414') in 0.0747935 seconds
Number of updated asset objects reloaded before import = 0Number of asset objects unloaded after import = 15

========================================================================
Received Import Request.
  Time since last request: 0.000062 seconds.
  path: Assets/SubstanceAssets/LittleGamesPack/Prefabs/Individual Pieces/Cards/Clubs/Card_Club7.prefab
  artifactKey: Guid(d9cf5bcb0390da349a9956421105f799) Importer(815301076,1909f56bfc062723c751e8b465ee728b)
Start importing Assets/SubstanceAssets/LittleGamesPack/Prefabs/Individual Pieces/Cards/Clubs/Card_Club7.prefab using Guid(d9cf5bcb0390da349a9956421105f799) Importer(815301076,1909f56bfc062723c751e8b465ee728b) (PreviewImporter) -> (artifact id: '517a6741345d710b507255d55f8adc30') in 0.0666209 seconds
Number of updated asset objects reloaded before import = 0Number of asset objects unloaded after import = 15

Editor requested this worker to shutdown with reason: Scaling down because of idle timeout
AssetImportWorker is now disconnected from the server
Process exiting
Exiting without the bug reporter. Application will terminate with return code 0